<?xml version="1.0" encoding="UTF-8"?>
<!-- Generated by org.testng.reporters.JUnitReportReporter -->
<testsuite hostname="PNQ1-LHP-N91337" failures="0" tests="1" name="test.SOAP_XML_Request" time="1.612" errors="0" timestamp="2025-01-10T15:55:59 IST" skipped="0">
  <testcase classname="test.SOAP_XML_Request" name="validateSoapXML" time="1.612"/>
</testsuite> <!-- test.SOAP_XML_Request -->
