<?xml version="1.0" encoding="UTF-8"?>
<!-- Generated by org.testng.reporters.JUnitReportReporter -->
<testsuite hostname="PNQ1-LHP-N91337" failures="0" tests="2" name="test.testExamples" time="3.034" errors="0" timestamp="2025-01-09T21:36:49 IST" skipped="0">
  <testcase classname="test.testExamples" name="testTwo" time="1.016"/>
  <testcase classname="test.testExamples" name="testOne" time="2.018"/>
</testsuite> <!-- test.testExamples -->
