<?xml version="1.0" encoding="UTF-8"?>
<!-- Generated by org.testng.reporters.JUnitReportReporter -->
<testsuite hostname="DESKTOP-76QJ2J4" failures="0" tests="2" name="test.testExamples" time="3.600" errors="0" timestamp="2025-01-10T22:36:51 IST" skipped="0">
  <testcase classname="test.testExamples" name="testOne" time="2.423"/>
  <testcase classname="test.testExamples" name="testTwo" time="1.177"/>
</testsuite> <!-- test.testExamples -->
