<?xml version="1.0" encoding="UTF-8"?>
<!-- Generated by org.testng.reporters.JUnitReportReporter -->
<testsuite hostname="DESKTOP-76QJ2J4" failures="0" tests="1" name="test.testOnLocalAPI" time="2.153" errors="0" timestamp="2025-01-10T22:47:52 IST" skipped="0">
  <testcase classname="test.testOnLocalAPI" name="get" time="2.153"/>
</testsuite> <!-- test.testOnLocalAPI -->
