<?xml version="1.0" encoding="UTF-8"?>
<!-- Generated by org.testng.reporters.JUnitReportReporter -->
<testsuite hostname="PNQ1-LHP-N91337" failures="0" tests="1" name="test.SOAP_XML_Request" time="2.102" errors="0" timestamp="2025-01-13T12:08:56 IST" skipped="0">
  <testcase classname="test.SOAP_XML_Request" name="validateSoapXML" time="2.102"/>
</testsuite> <!-- test.SOAP_XML_Request -->
