<?xml version="1.0" encoding="UTF-8"?>
<!-- Generated by org.testng.reporters.JUnitReportReporter -->
<testsuite hostname="PNQ1-LHP-N91337" failures="0" tests="1" name="test.testOnLocalAPI" time="0.969" errors="0" timestamp="2025-01-09T23:21:56 IST" skipped="0">
  <testcase classname="test.testOnLocalAPI" name="delete" time="0.969"/>
</testsuite> <!-- test.testOnLocalAPI -->
