<?xml version="1.0" encoding="UTF-8"?>
<!-- Generated by org.testng.reporters.JUnitReportReporter -->
<testsuite hostname="PNQ1-LHP-N91337" failures="0" tests="1" name="test.JSONSchemaValidator" time="1.548" errors="0" timestamp="2025-01-10T12:40:11 IST" skipped="0">
  <testcase classname="test.JSONSchemaValidator" name="getTest" time="1.548"/>
</testsuite> <!-- test.JSONSchemaValidator -->
