<?xml version="1.0" encoding="UTF-8"?>
<!-- Generated by org.testng.reporters.JUnitReportReporter -->
<testsuite hostname="PNQ1-LHP-N91337" failures="0" tests="1" name="test.GetAndPostExamples" time="1.675" errors="0" timestamp="2025-01-13T15:44:16 IST" skipped="0">
  <testcase classname="test.GetAndPostExamples" name="PostTest" time="1.675"/>
</testsuite> <!-- test.GetAndPostExamples -->
